2023-03-28 02:20:48 - INFO - Query for: u20303242

2023-03-28 02:20:48 - WARN - u20303242 not found info

2023-03-28 02:20:52 - INFO - Query for: U20303242

2023-03-28 02:20:52 - WARN - U20303242 not found info

2023-03-28 02:20:58 - INFO - Query for: U20303242

2023-03-28 02:20:58 - WARN - U20303242 not found info

2023-03-28 02:21:12 - INFO - Query for: U222603

2023-03-28 02:21:12 - WARN - U222603 not found info

2023-03-28 02:21:31 - INFO - Query for: U20303242

2023-03-28 02:21:31 - WARN - U20303242 not found info

2023-03-28 02:22:36 - INFO - Query for: U21209578

2023-03-28 02:25:33 - INFO - Query for: U21209578

2023-03-28 02:25:39 - INFO - Query for: U21209578

2023-03-28 02:25:40 - INFO - Query for: 

2023-03-28 02:25:40 - WARN -  not found info

2023-03-28 02:25:49 - INFO - Query for: U21209578

2023-03-28 02:27:22 - INFO - Query for: U21209578

2023-03-28 02:27:36 - INFO - Query for: u20303242

2023-03-28 02:27:36 - WARN - u20303242 not found info

2023-03-28 02:27:40 - INFO - Query for: U20303242

2023-03-28 02:27:40 - WARN - U20303242 not found info

2023-03-28 10:44:49 - INFO - Query for: U21209578

2023-03-28 10:45:44 - INFO - Query for: U21209578

2023-03-28 10:45:46 - INFO - Query for: U21209578

2023-03-28 10:45:59 - INFO - Query for: U21209578

2023-03-28 10:49:05 - INFO - Query for: U21209578

2023-03-28 10:49:06 - INFO - Query for: U21209578

2023-03-28 10:53:14 - INFO - Query for: U21209578

2023-03-28 11:00:25 - INFO - Query for: U21209578

2023-03-28 11:00:52 - INFO - Query for: U21209578

2023-03-28 11:02:24 - INFO - Query for: U21209578

2023-03-28 11:02:26 - INFO - Query for: U21209578

2023-03-28 11:02:27 - INFO - Query for: U21209578

2023-03-28 11:02:28 - INFO - Query for: U21209578

2023-03-28 11:02:29 - INFO - Query for: U21209578

2023-03-28 11:04:17 - INFO - Query for: U21209578

2023-03-28 11:04:18 - INFO - Query for: U21209578

2023-03-28 11:04:19 - INFO - Query for: U21209578

2023-03-28 11:04:20 - INFO - Query for: U21209578

2023-03-28 11:04:20 - INFO - Query for: U21209578

2023-03-28 11:04:41 - INFO - Query for: U21209578

2023-03-28 11:05:03 - INFO - Query for: U21209578

2023-03-28 11:05:08 - INFO - Query for: U21209578

2023-03-28 11:05:35 - INFO - Query for: U21209578

2023-03-28 11:05:43 - INFO - Query for: U21209578

